<?xml version="1.0" encoding="UTF-8"?>
<!-- Generated by org.testng.reporters.JUnitReportReporter -->
<testsuite skipped="0" hostname="Admin-PC" name="acti.Demo" tests="1" failures="0" timestamp="21 Nov 2019 05:03:22 GMT" time="0.015" errors="0">
  <testcase name="run" time="0.015" classname="acti.Demo"/>
</testsuite> <!-- acti.Demo -->
