<?xml version="1.0" encoding="UTF-8"?>
<!-- Generated by org.testng.reporters.JUnitReportReporter -->
<testsuite skipped="0" hostname="Admin-PC" name="acti.Demo" tests="1" failures="0" timestamp="23 Nov 2019 05:16:28 GMT" time="0.017" errors="0">
  <testcase name="run" time="0.017" classname="acti.Demo"/>
</testsuite> <!-- acti.Demo -->
